Grammar

    0 $accept: source $end

    1 source: /* empty */


Terminals, with rules where they appear

$end (0) 0
error (256)


Nonterminals, with rules where they appear

$accept (3)
    on left: 0
source (4)
    on left: 1, on right: 0


State 0

    0 $accept: . source $end

    $default  reduce using rule 1 (source)

    source  go to state 1


State 1

    0 $accept: source . $end

    $end  shift, and go to state 2


State 2

    0 $accept: source $end .

    $default  accept
